Performing C SOURCE FILE Test CMAKE_HAVE_LIBC_PTHREAD failed with the following output:
Change Dir: /home/cheina/Desktop/PROGETTONDIPDS/ScreenCaptureQT/ffmpegProve/ClasseUnicaTentativo/build/CMakeFiles/CMakeTmp

Run Build Command(s):/usr/bin/ninja cmTC_815fe && [1/2] Building C object CMakeFiles/cmTC_815fe.dir/src.c.o
[2/2] Linking C executable cmTC_815fe
FAILED: cmTC_815fe 
: && /bin/x86_64-linux-gnu-gcc-10 -DCMAKE_HAVE_LIBC_PTHREAD -rdynamic CMakeFiles/cmTC_815fe.dir/src.c.o -o cmTC_815fe   && :
/usr/bin/ld: CMakeFiles/cmTC_815fe.dir/src.c.o: in function `main':
src.c:(.text+0x46): undefined reference to `pthread_create'
/usr/bin/ld: src.c:(.text+0x52): undefined reference to `pthread_detach'
/usr/bin/ld: src.c:(.text+0x5e): undefined reference to `pthread_cancel'
/usr/bin/ld: src.c:(.text+0x6f): undefined reference to `pthread_join'
collect2: error: ld returned 1 exit status
ninja: build stopped: subcommand failed.


Source file was:
#include <pthread.h>

void* test_func(void* data)
{
  return data;
}

int main(void)
{
  pthread_t thread;
  pthread_create(&thread, NULL, test_func, NULL);
  pthread_detach(thread);
  pthread_cancel(thread);
  pthread_join(thread, NULL);
  pthread_atfork(NULL, NULL, NULL);
  pthread_exit(NULL);

  return 0;
}

Determining if the function pthread_create exists in the pthreads failed with the following output:
Change Dir: /home/cheina/Desktop/PROGETTONDIPDS/ScreenCaptureQT/ffmpegProve/ClasseUnicaTentativo/build/CMakeFiles/CMakeTmp

Run Build Command(s):/usr/bin/ninja cmTC_62d67 && [1/2] Building C object CMakeFiles/cmTC_62d67.dir/CheckFunctionExists.c.o
[2/2] Linking C executable cmTC_62d67
FAILED: cmTC_62d67 
: && /bin/x86_64-linux-gnu-gcc-10 -DCHECK_FUNCTION_EXISTS=pthread_create -rdynamic CMakeFiles/cmTC_62d67.dir/CheckFunctionExists.c.o -o cmTC_62d67  -lpthreads && :
/usr/bin/ld: impossibile trovare -lpthreads
collect2: error: ld returned 1 exit status
ninja: build stopped: subcommand failed.



