1631187083756728
1631187083841259
1631187083941248
1631187084008011
1631187084074582
1631187084174584
1631187084241249
1631187084308009
1631187084374601
1631187084474618
1631187084574588
1631187084641238
1631187084707910
1631187084807918
1631187084874576
1631187084942165
1631187085015248
1631187085107907
1631187085187593
1631187085280321
1631187085351139
1631187085441235
1631187085508891
1631187085607914
1631187085674565
1631187085741343
1631187085807957
1631187085907907
1631187085974578
1631187086074557
1631187086143024
1631187086241233
1631187086307897
1631187086374559
1631187086474557
1631187086541227
1631187086607930
1631187086674577
1631187086774571
1631187086874522
1631187086941215
1631187087041213
1631187087108152
1631187087174540
1631187087241210
1631187087307884
1631187087425666
1631187087547550
1631187087567305
1631187087567306
1631187087567307
1631187087567308
1631187087567309
1631187087567310
1631187087567311
1631187087567312
1631187087567313
1631187087567314
1631187087567315
1631187087567316
1631187087567317
1631187087567318
1631187087567319
1631187087567320
1631187087567321
1631187087567322
1631187087567323
1631187087567324
1631187087567325
1631187087567326
1631187087567327
1631187087567328
1631187087567329
1631187087567330
1631187087567331
1631187087567332
1631187087567333
1631187087567334
1631187087567335
1631187087567336
1631187087567337
1631187087567338
1631187087567339
1631187087567340
1631187087567341
1631187087567342
1631187087567343
1631187087567344
1631187087567345
1631187087567346
1631187087567347
1631187087567348
1631187087567349
1631187087567350
1631187087567351
1631187087567352
1631187087567353
1631187087567354
1631187087567355
1631187087567356
1631187087567357
1631187087567358
1631187087567359
1631187087567360
1631187087567361
1631187087567362
1631187087567363
1631187087567364
1631187087567365
1631187087567366
1631187087567367
1631187087567368
1631187087567369
1631187087567370
1631187087567371
1631187087567372
1631187087567373
1631187087567374
1631187087567375
1631187087567376
